<?xml version="1.0" encoding="UTF-8"?>
<testsuite xmlns:xsi="http://www.w3.org/2001/XMLSchema-instance" xsi:noNamespaceSchemaLocation="https://maven.apache.org/surefire/maven-surefire-plugin/xsd/surefire-test-report-3.0.xsd" version="3.0" name="com.example.appointment.AppointmentApplicationTests" time="16.939" tests="1" errors="0" skipped="0" failures="0">
  <properties>
[...]
</properties>
  <testcase name="contextLoads" classname="com.example.appointment.AppointmentApplicationTests" time="1.45">
    <system-out><![CDATA[16:47:36.018 [main] INFO org.springframework.test.context.support.AnnotationConfigContextLoaderUtils -- Could not detect default configuration classes for test class [com.example.appointment.AppointmentApplicationTests]: AppointmentApplicationTests does not declare any static, non-private, non-final, nested classes annotated with @Configuration.
16:47:36.174 [main] INFO org.springframework.boot.test.context.SpringBootTestContextBootstrapper -- Found @SpringBootConfiguration com.example.appointment.AppointmentApplication for test class com.example.appointment.AppointmentApplicationTests

  .   ____          _            __ _ _
 /\\ / ___'_ __ _ _(_)_ __  __ _ \ \ \ \
( ( )\___ | '_ | '_| | '_ \/ _` | \ \ \ \
 \\/  ___)| |_)| | | | | || (_| |  ) ) ) )
  '  |____| .__|_| |_|_| |_\__, | / / / /
 =========|_|==============|___/=/_/_/_/
 :: Spring Boot ::                (v3.1.0)

2023-06-11T16:47:36.707+07:00  INFO 15044 --- [           main] c.e.a.AppointmentApplicationTests        : Starting AppointmentApplicationTests using Java 17.0.5 with PID 15044 (started by ACER in E:\appointment\appointment)
2023-06-11T16:47:36.709+07:00  INFO 15044 --- [           main] c.e.a.AppointmentApplicationTests        : No active profile set, falling back to 1 default profile: "default"
2023-06-11T16:47:37.683+07:00  INFO 15044 --- [           main] .s.d.r.c.RepositoryConfigurationDelegate : Bootstrapping Spring Data JPA repositories in DEFAULT mode.
2023-06-11T16:47:37.776+07:00  INFO 15044 --- [           main] .s.d.r.c.RepositoryConfigurationDelegate : Finished Spring Data repository scanning in 84 ms. Found 6 JPA repository interfaces.
2023-06-11T16:47:38.333+07:00  INFO 15044 --- [           main] o.hibernate.jpa.internal.util.LogHelper  : HHH000204: Processing PersistenceUnitInfo [name: default]
2023-06-11T16:47:38.415+07:00  INFO 15044 --- [           main] org.hibernate.Version                    : HHH000412: Hibernate ORM core version 6.2.2.Final
2023-06-11T16:47:38.418+07:00  INFO 15044 --- [           main] org.hibernate.cfg.Environment            : HHH000406: Using bytecode reflection optimizer
2023-06-11T16:47:38.654+07:00 DEBUG 15044 --- [           main] org.hibernate.type.BasicTypeRegistry     : Adding type registration boolean -> org.hibernate.type.BasicTypeReference@2eda2062
2023-06-11T16:47:38.654+07:00 DEBUG 15044 --- [           main] org.hibernate.type.BasicTypeRegistry     : Adding type registration boolean -> org.hibernate.type.BasicTypeReference@2eda2062
2023-06-11T16:47:38.654+07:00 DEBUG 15044 --- [           main] org.hibernate.type.BasicTypeRegistry     : Adding type registration java.lang.Boolean -> org.hibernate.type.BasicTypeReference@2eda2062
2023-06-11T16:47:38.654+07:00 DEBUG 15044 --- [           main] org.hibernate.type.BasicTypeRegistry     : Adding type registration numeric_boolean -> org.hibernate.type.BasicTypeReference@1a9ec80e
2023-06-11T16:47:38.654+07:00 DEBUG 15044 --- [           main] org.hibernate.type.BasicTypeRegistry     : Adding type registration org.hibernate.type.NumericBooleanConverter -> org.hibernate.type.BasicTypeReference@1a9ec80e
2023-06-11T16:47:38.654+07:00 DEBUG 15044 --- [           main] org.hibernate.type.BasicTypeRegistry     : Adding type registration true_false -> org.hibernate.type.BasicTypeReference@7fd4e815
2023-06-11T16:47:38.655+07:00 DEBUG 15044 --- [           main] org.hibernate.type.BasicTypeRegistry     : Adding type registration org.hibernate.type.TrueFalseConverter -> org.hibernate.type.BasicTypeReference@7fd4e815
2023-06-11T16:47:38.655+07:00 DEBUG 15044 --- [           main] org.hibernate.type.BasicTypeRegistry     : Adding type registration yes_no -> org.hibernate.type.BasicTypeReference@5f6b53ed
2023-06-11T16:47:38.655+07:00 DEBUG 15044 --- [           main] org.hibernate.type.BasicTypeRegistry     : Adding type registration org.hibernate.type.YesNoConverter -> org.hibernate.type.BasicTypeReference@5f6b53ed
2023-06-11T16:47:38.655+07:00 DEBUG 15044 --- [           main] org.hibernate.type.BasicTypeRegistry     : Adding type registration byte -> org.hibernate.type.BasicTypeReference@20cdb152
2023-06-11T16:47:38.655+07:00 DEBUG 15044 --- [           main] org.hibernate.type.BasicTypeRegistry     : Adding type registration byte -> org.hibernate.type.BasicTypeReference@20cdb152
2023-06-11T16:47:38.655+07:00 DEBUG 15044 --- [           main] org.hibernate.type.BasicTypeRegistry     : Adding type registration java.lang.Byte -> org.hibernate.type.BasicTypeReference@20cdb152
2023-06-11T16:47:38.656+07:00 DEBUG 15044 --- [           main] org.hibernate.type.BasicTypeRegistry     : Adding type registration binary -> org.hibernate.type.BasicTypeReference@4cffd3fd
2023-06-11T16:47:38.657+07:00 DEBUG 15044 --- [           main] org.hibernate.type.BasicTypeRegistry     : Adding type registration byte[] -> org.hibernate.type.BasicTypeReference@4cffd3fd
2023-06-11T16:47:38.657+07:00 DEBUG 15044 --- [           main] org.hibernate.type.BasicTypeRegistry     : Adding type registration [B -> org.hibernate.type.BasicTypeReference@4cffd3fd
2023-06-11T16:47:38.657+07:00 DEBUG 15044 --- [           main] org.hibernate.type.BasicTypeRegistry     : Adding type registration binary_wrapper -> org.hibernate.type.BasicTypeReference@5c48b72c
2023-06-11T16:47:38.657+07:00 DEBUG 15044 --- [           main] org.hibernate.type.BasicTypeRegistry     : Adding type registration wrapper-binary -> org.hibernate.type.BasicTypeReference@5c48b72c
2023-06-11T16:47:38.657+07:00 DEBUG 15044 --- [           main] org.hibernate.type.BasicTypeRegistry     : Adding type registration image -> org.hibernate.type.BasicTypeReference@6e1ae763
2023-06-11T16:47:38.657+07:00 DEBUG 15044 --- [           main] org.hibernate.type.BasicTypeRegistry     : Adding type registration blob -> org.hibernate.type.BasicTypeReference@62d40e31
2023-06-11T16:47:38.657+07:00 DEBUG 15044 --- [           main] org.hibernate.type.BasicTypeRegistry     : Adding type registration java.sql.Blob -> org.hibernate.type.BasicTypeReference@62d40e31
2023-06-11T16:47:38.657+07:00 DEBUG 15044 --- [           main] org.hibernate.type.BasicTypeRegistry     : Adding type registration materialized_blob -> org.hibernate.type.BasicTypeReference@650aa077
2023-06-11T16:47:38.657+07:00 DEBUG 15044 --- [           main] org.hibernate.type.BasicTypeRegistry     : Adding type registration materialized_blob_wrapper -> org.hibernate.type.BasicTypeReference@7ce29a2d
2023-06-11T16:47:38.657+07:00 DEBUG 15044 --- [           main] org.hibernate.type.BasicTypeRegistry     : Adding type registration short -> org.hibernate.type.BasicTypeReference@457a5b2d
2023-06-11T16:47:38.657+07:00 DEBUG 15044 --- [           main] org.hibernate.type.BasicTypeRegistry     : Adding type registration short -> org.hibernate.type.BasicTypeReference@457a5b2d
2023-06-11T16:47:38.658+07:00 DEBUG 15044 --- [           main] org.hibernate.type.BasicTypeRegistry     : Adding type registration java.lang.Short -> org.hibernate.type.BasicTypeReference@457a5b2d
2023-06-11T16:47:38.658+07:00 DEBUG 15044 --- [           main] org.hibernate.type.BasicTypeRegistry     : Adding type registration integer -> org.hibernate.type.BasicTypeReference@79d7035
2023-06-11T16:47:38.658+07:00 DEBUG 15044 --- [           main] org.hibernate.type.BasicTypeRegistry     : Adding type registration int -> org.hibernate.type.BasicTypeReference@79d7035
2023-06-11T16:47:38.658+07:00 DEBUG 15044 --- [           main] org.hibernate.type.BasicTypeRegistry     : Adding type registration java.lang.Integer -> org.hibernate.type.BasicTypeReference@79d7035
2023-06-11T16:47:38.658+07:00 DEBUG 15044 --- [           main] org.hibernate.type.BasicTypeRegistry     : Adding type registration long -> org.hibernate.type.BasicTypeReference@372461a9
2023-06-11T16:47:38.658+07:00 DEBUG 15044 --- [           main] org.hibernate.type.BasicTypeRegistry     : Adding type registration long -> org.hibernate.type.BasicTypeReference@372461a9
2023-06-11T16:47:38.658+07:00 DEBUG 15044 --- [           main] org.hibernate.type.BasicTypeRegistry     : Adding type registration java.lang.Long -> org.hibernate.type.BasicTypeReference@372461a9
2023-06-11T16:47:38.658+07:00 DEBUG 15044 --- [           main] org.hibernate.type.BasicTypeRegistry     : Adding type registration float -> org.hibernate.type.BasicTypeReference@5fffb692
2023-06-11T16:47:38.658+07:00 DEBUG 15044 --- [           main] org.hibernate.type.BasicTypeRegistry     : Adding type registration float -> org.hibernate.type.BasicTypeReference@5fffb692
2023-06-11T16:47:38.658+07:00 DEBUG 15044 --- [           main] org.hibernate.type.BasicTypeRegistry     : Adding type registration java.lang.Float -> org.hibernate.type.BasicTypeReference@5fffb692
2023-06-11T16:47:38.659+07:00 DEBUG 15044 --- [           main] org.hibernate.type.BasicTypeRegistry     : Adding type registration double -> org.hibernate.type.BasicTypeReference@48cb2d73
2023-06-11T16:47:38.659+07:00 DEBUG 15044 --- [           main] org.hibernate.type.BasicTypeRegistry     : Adding type registration double -> org.hibernate.type.BasicTypeReference@48cb2d73
2023-06-11T16:47:38.659+07:00 DEBUG 15044 --- [           main] org.hibernate.type.BasicTypeRegistry     : Adding type registration java.lang.Double -> org.hibernate.type.BasicTypeReference@48cb2d73
2023-06-11T16:47:38.659+07:00 DEBUG 15044 --- [           main] org.hibernate.type.BasicTypeRegistry     : Adding type registration big_integer -> org.hibernate.type.BasicTypeReference@243bf087
2023-06-11T16:47:38.659+07:00 DEBUG 15044 --- [           main] org.hibernate.type.BasicTypeRegistry     : Adding type registration java.math.BigInteger -> org.hibernate.type.BasicTypeReference@243bf087
2023-06-11T16:47:38.659+07:00 DEBUG 15044 --- [           main] org.hibernate.type.BasicTypeRegistry     : Adding type registration big_decimal -> org.hibernate.type.BasicTypeReference@3086f480
2023-06-11T16:47:38.659+07:00 DEBUG 15044 --- [           main] org.hibernate.type.BasicTypeRegistry     : Adding type registration java.math.BigDecimal -> org.hibernate.type.BasicTypeReference@3086f480
2023-06-11T16:47:38.659+07:00 DEBUG 15044 --- [           main] org.hibernate.type.BasicTypeRegistry     : Adding type registration character -> org.hibernate.type.BasicTypeReference@126f8f24
2023-06-11T16:47:38.659+07:00 DEBUG 15044 --- [           main] org.hibernate.type.BasicTypeRegistry     : Adding type registration char -> org.hibernate.type.BasicTypeReference@126f8f24
2023-06-11T16:47:38.659+07:00 DEBUG 15044 --- [           main] org.hibernate.type.BasicTypeRegistry     : Adding type registration java.lang.Character -> org.hibernate.type.BasicTypeReference@126f8f24
2023-06-11T16:47:38.660+07:00 DEBUG 15044 --- [           main] org.hibernate.type.BasicTypeRegistry     : Adding type registration character_nchar -> org.hibernate.type.BasicTypeReference@35e98af
2023-06-11T16:47:38.660+07:00 DEBUG 15044 --- [           main] org.hibernate.type.BasicTypeRegistry     : Adding type registration string -> org.hibernate.type.BasicTypeReference@781aff8b
2023-06-11T16:47:38.660+07:00 DEBUG 15044 --- [           main] org.hibernate.type.BasicTypeRegistry     : Adding type registration java.lang.String -> org.hibernate.type.BasicTypeReference@781aff8b
2023-06-11T16:47:38.660+07:00 DEBUG 15044 --- [           main] org.hibernate.type.BasicTypeRegistry     : Adding type registration nstring -> org.hibernate.type.BasicTypeReference@7fbf26fc
2023-06-11T16:47:38.660+07:00 DEBUG 15044 --- [           main] org.hibernate.type.BasicTypeRegistry     : Adding type registration characters -> org.hibernate.type.BasicTypeReference@11c78080
2023-06-11T16:47:38.660+07:00 DEBUG 15044 --- [           main] org.hibernate.type.BasicTypeRegistry     : Adding type registration char[] -> org.hibernate.type.BasicTypeReference@11c78080
2023-06-11T16:47:38.660+07:00 DEBUG 15044 --- [           main] org.hibernate.type.BasicTypeRegistry     : Adding type registration [C -> org.hibernate.type.BasicTypeReference@11c78080
2023-06-11T16:47:38.660+07:00 DEBUG 15044 --- [           main] org.hibernate.type.BasicTypeRegistry     : Adding type registration wrapper-characters -> org.hibernate.type.BasicTypeReference@662be9f7
2023-06-11T16:47:38.660+07:00 DEBUG 15044 --- [           main] org.hibernate.type.BasicTypeRegistry     : Adding type registration text -> org.hibernate.type.BasicTypeReference@4962b41e
2023-06-11T16:47:38.660+07:00 DEBUG 15044 --- [           main] org.hibernate.type.BasicTypeRegistry     : Adding type registration ntext -> org.hibernate.type.BasicTypeReference@4fecf308
2023-06-11T16:47:38.661+07:00 DEBUG 15044 --- [           main] org.hibernate.type.BasicTypeRegistry     : Adding type registration clob -> org.hibernate.type.BasicTypeReference@6282b9f5
2023-06-11T16:47:38.661+07:00 DEBUG 15044 --- [           main] org.hibernate.type.BasicTypeRegistry     : Adding type registration java.sql.Clob -> org.hibernate.type.BasicTypeReference@6282b9f5
2023-06-11T16:47:38.661+07:00 DEBUG 15044 --- [           main] org.hibernate.type.BasicTypeRegistry     : Adding type registration nclob -> org.hibernate.type.BasicTypeReference@5b5f9003
2023-06-11T16:47:38.661+07:00 DEBUG 15044 --- [           main] org.hibernate.type.BasicTypeRegistry     : Adding type registration java.sql.NClob -> org.hibernate.type.BasicTypeReference@5b5f9003
2023-06-11T16:47:38.661+07:00 DEBUG 15044 --- [           main] org.hibernate.type.BasicTypeRegistry     : Adding type registration materialized_clob -> org.hibernate.type.BasicTypeReference@7c11d32
2023-06-11T16:47:38.661+07:00 DEBUG 15044 --- [           main] org.hibernate.type.BasicTypeRegistry     : Adding type registration materialized_clob_char_array -> org.hibernate.type.BasicTypeReference@2f9dda71
2023-06-11T16:47:38.661+07:00 DEBUG 15044 --- [           main] org.hibernate.type.BasicTypeRegistry     : Adding type registration materialized_clob_character_array -> org.hibernate.type.BasicTypeReference@58278366
2023-06-11T16:47:38.661+07:00 DEBUG 15044 --- [           main] org.hibernate.type.BasicTypeRegistry     : Adding type registration materialized_nclob -> org.hibernate.type.BasicTypeReference@7f5fcfe9
2023-06-11T16:47:38.661+07:00 DEBUG 15044 --- [           main] org.hibernate.type.BasicTypeRegistry     : Adding type registration materialized_nclob_character_array -> org.hibernate.type.BasicTypeReference@707865bd
2023-06-11T16:47:38.661+07:00 DEBUG 15044 --- [           main] org.hibernate.type.BasicTypeRegistry     : Adding type registration materialized_nclob_char_array -> org.hibernate.type.BasicTypeReference@31f77791
2023-06-11T16:47:38.662+07:00 DEBUG 15044 --- [           main] org.hibernate.type.BasicTypeRegistry     : Adding type registration Duration -> org.hibernate.type.BasicTypeReference@552fee7a
2023-06-11T16:47:38.662+07:00 DEBUG 15044 --- [           main] org.hibernate.type.BasicTypeRegistry     : Adding type registration java.time.Duration -> org.hibernate.type.BasicTypeReference@552fee7a
2023-06-11T16:47:38.662+07:00 DEBUG 15044 --- [           main] org.hibernate.type.BasicTypeRegistry     : Adding type registration LocalDateTime -> org.hibernate.type.BasicTypeReference@548e43b1
2023-06-11T16:47:38.662+07:00 DEBUG 15044 --- [           main] org.hibernate.type.BasicTypeRegistry     : Adding type registration java.time.LocalDateTime -> org.hibernate.type.BasicTypeReference@548e43b1
2023-06-11T16:47:38.662+07:00 DEBUG 15044 --- [           main] org.hibernate.type.BasicTypeRegistry     : Adding type registration LocalDate -> org.hibernate.type.BasicTypeReference@67688110
2023-06-11T16:47:38.662+07:00 DEBUG 15044 --- [           main] org.hibernate.type.BasicTypeRegistry     : Adding type registration java.time.LocalDate -> org.hibernate.type.BasicTypeReference@67688110
2023-06-11T16:47:38.662+07:00 DEBUG 15044 --- [           main] org.hibernate.type.BasicTypeRegistry     : Adding type registration LocalTime -> org.hibernate.type.BasicTypeReference@6d293993
2023-06-11T16:47:38.662+07:00 DEBUG 15044 --- [           main] org.hibernate.type.BasicTypeRegistry     : Adding type registration java.time.LocalTime -> org.hibernate.type.BasicTypeReference@6d293993
2023-06-11T16:47:38.662+07:00 DEBUG 15044 --- [           main] org.hibernate.type.BasicTypeRegistry     : Adding type registration OffsetDateTime -> org.hibernate.type.BasicTypeReference@475f5672
2023-06-11T16:47:38.662+07:00 DEBUG 15044 --- [           main] org.hibernate.type.BasicTypeRegistry     : Adding type registration java.time.OffsetDateTime -> org.hibernate.type.BasicTypeReference@475f5672
2023-06-11T16:47:38.662+07:00 DEBUG 15044 --- [           main] org.hibernate.type.BasicTypeRegistry     : Adding type registration OffsetDateTimeWithTimezone -> org.hibernate.type.BasicTypeReference@616a06e3
2023-06-11T16:47:38.663+07:00 DEBUG 15044 --- [           main] org.hibernate.type.BasicTypeRegistry     : Adding type registration OffsetDateTimeWithoutTimezone -> org.hibernate.type.BasicTypeReference@42297bdf
2023-06-11T16:47:38.663+07:00 DEBUG 15044 --- [           main] org.hibernate.type.BasicTypeRegistry     : Adding type registration OffsetTime -> org.hibernate.type.BasicTypeReference@66e827a8
2023-06-11T16:47:38.663+07:00 DEBUG 15044 --- [           main] org.hibernate.type.BasicTypeRegistry     : Adding type registration java.time.OffsetTime -> org.hibernate.type.BasicTypeReference@66e827a8
2023-06-11T16:47:38.663+07:00 DEBUG 15044 --- [           main] org.hibernate.type.BasicTypeRegistry     : Adding type registration OffsetTimeUtc -> org.hibernate.type.BasicTypeReference@5bb911c1
2023-06-11T16:47:38.663+07:00 DEBUG 15044 --- [           main] org.hibernate.type.BasicTypeRegistry     : Adding type registration OffsetTimeWithTimezone -> org.hibernate.type.BasicTypeReference@6a55594b
2023-06-11T16:47:38.663+07:00 DEBUG 15044 --- [           main] org.hibernate.type.BasicTypeRegistry     : Adding type registration OffsetTimeWithoutTimezone -> org.hibernate.type.BasicTypeReference@632b305d
2023-06-11T16:47:38.663+07:00 DEBUG 15044 --- [           main] org.hibernate.type.BasicTypeRegistry     : Adding type registration ZonedDateTime -> org.hibernate.type.BasicTypeReference@44598ef7
2023-06-11T16:47:38.663+07:00 DEBUG 15044 --- [           main] org.hibernate.type.BasicTypeRegistry     : Adding type registration java.time.ZonedDateTime -> org.hibernate.type.BasicTypeReference@44598ef7
2023-06-11T16:47:38.663+07:00 DEBUG 15044 --- [           main] org.hibernate.type.BasicTypeRegistry     : Adding type registration ZonedDateTimeWithTimezone -> org.hibernate.type.BasicTypeReference@57fdb8a4
2023-06-11T16:47:38.663+07:00 DEBUG 15044 --- [           main] org.hibernate.type.BasicTypeRegistry     : Adding type registration ZonedDateTimeWithoutTimezone -> org.hibernate.type.BasicTypeReference@17222c11
2023-06-11T16:47:38.663+07:00 DEBUG 15044 --- [           main] org.hibernate.type.BasicTypeRegistry     : Adding type registration date -> org.hibernate.type.BasicTypeReference@2db15f70
2023-06-11T16:47:38.663+07:00 DEBUG 15044 --- [           main] org.hibernate.type.BasicTypeRegistry     : Adding type registration java.sql.Date -> org.hibernate.type.BasicTypeReference@2db15f70
2023-06-11T16:47:38.664+07:00 DEBUG 15044 --- [           main] org.hibernate.type.BasicTypeRegistry     : Adding type registration time -> org.hibernate.type.BasicTypeReference@25974207
2023-06-11T16:47:38.664+07:00 DEBUG 15044 --- [           main] org.hibernate.type.BasicTypeRegistry     : Adding type registration java.sql.Time -> org.hibernate.type.BasicTypeReference@25974207
2023-06-11T16:47:38.664+07:00 DEBUG 15044 --- [           main] org.hibernate.type.BasicTypeRegistry     : Adding type registration timestamp -> org.hibernate.type.BasicTypeReference@1f15e689
2023-06-11T16:47:38.664+07:00 DEBUG 15044 --- [           main] org.hibernate.type.BasicTypeRegistry     : Adding type registration java.sql.Timestamp -> org.hibernate.type.BasicTypeReference@1f15e689
2023-06-11T16:47:38.664+07:00 DEBUG 15044 --- [           main] org.hibernate.type.BasicTypeRegistry     : Adding type registration java.util.Date -> org.hibernate.type.BasicTypeReference@1f15e689
2023-06-11T16:47:38.664+07:00 DEBUG 15044 --- [           main] org.hibernate.type.BasicTypeRegistry     : Adding type registration calendar -> org.hibernate.type.BasicTypeReference@195113de
2023-06-11T16:47:38.664+07:00 DEBUG 15044 --- [           main] org.hibernate.type.BasicTypeRegistry     : Adding type registration java.util.Calendar -> org.hibernate.type.BasicTypeReference@195113de
2023-06-11T16:47:38.664+07:00 DEBUG 15044 --- [           main] org.hibernate.type.BasicTypeRegistry     : Adding type registration java.util.GregorianCalendar -> org.hibernate.type.BasicTypeReference@195113de
2023-06-11T16:47:38.664+07:00 DEBUG 15044 --- [           main] org.hibernate.type.BasicTypeRegistry     : Adding type registration calendar_date -> org.hibernate.type.BasicTypeReference@3ebc955b
2023-06-11T16:47:38.664+07:00 DEBUG 15044 --- [           main] org.hibernate.type.BasicTypeRegistry     : Adding type registration calendar_time -> org.hibernate.type.BasicTypeReference@21a46ff1
2023-06-11T16:47:38.664+07:00 DEBUG 15044 --- [           main] org.hibernate.type.BasicTypeRegistry     : Adding type registration instant -> org.hibernate.type.BasicTypeReference@11b5f4e2
2023-06-11T16:47:38.664+07:00 DEBUG 15044 --- [           main] org.hibernate.type.BasicTypeRegistry     : Adding type registration java.time.Instant -> org.hibernate.type.BasicTypeReference@11b5f4e2
2023-06-11T16:47:38.665+07:00 DEBUG 15044 --- [           main] org.hibernate.type.BasicTypeRegistry     : Adding type registration uuid -> org.hibernate.type.BasicTypeReference@6bcae9
2023-06-11T16:47:38.665+07:00 DEBUG 15044 --- [           main] org.hibernate.type.BasicTypeRegistry     : Adding type registration java.util.UUID -> org.hibernate.type.BasicTypeReference@6bcae9
2023-06-11T16:47:38.665+07:00 DEBUG 15044 --- [           main] org.hibernate.type.BasicTypeRegistry     : Adding type registration pg-uuid -> org.hibernate.type.BasicTypeReference@6bcae9
2023-06-11T16:47:38.665+07:00 DEBUG 15044 --- [           main] org.hibernate.type.BasicTypeRegistry     : Adding type registration uuid-binary -> org.hibernate.type.BasicTypeReference@5aa781f2
2023-06-11T16:47:38.665+07:00 DEBUG 15044 --- [           main] org.hibernate.type.BasicTypeRegistry     : Adding type registration uuid-char -> org.hibernate.type.BasicTypeReference@58feb6b0
2023-06-11T16:47:38.665+07:00 DEBUG 15044 --- [           main] org.hibernate.type.BasicTypeRegistry     : Adding type registration class -> org.hibernate.type.BasicTypeReference@66d25ba9
2023-06-11T16:47:38.665+07:00 DEBUG 15044 --- [           main] org.hibernate.type.BasicTypeRegistry     : Adding type registration java.lang.Class -> org.hibernate.type.BasicTypeReference@66d25ba9
2023-06-11T16:47:38.665+07:00 DEBUG 15044 --- [           main] org.hibernate.type.BasicTypeRegistry     : Adding type registration currency -> org.hibernate.type.BasicTypeReference@3830f918
2023-06-11T16:47:38.665+07:00 DEBUG 15044 --- [           main] org.hibernate.type.BasicTypeRegistry     : Adding type registration Currency -> org.hibernate.type.BasicTypeReference@3830f918
2023-06-11T16:47:38.666+07:00 DEBUG 15044 --- [           main] org.hibernate.type.BasicTypeRegistry     : Adding type registration java.util.Currency -> org.hibernate.type.BasicTypeReference@3830f918
2023-06-11T16:47:38.666+07:00 DEBUG 15044 --- [           main] org.hibernate.type.BasicTypeRegistry     : Adding type registration locale -> org.hibernate.type.BasicTypeReference@5efe47fd
2023-06-11T16:47:38.666+07:00 DEBUG 15044 --- [           main] org.hibernate.type.BasicTypeRegistry     : Adding type registration java.util.Locale -> org.hibernate.type.BasicTypeReference@5efe47fd
2023-06-11T16:47:38.666+07:00 DEBUG 15044 --- [           main] org.hibernate.type.BasicTypeRegistry     : Adding type registration serializable -> org.hibernate.type.BasicTypeReference@739831a4
2023-06-11T16:47:38.666+07:00 DEBUG 15044 --- [           main] org.hibernate.type.BasicTypeRegistry     : Adding type registration java.io.Serializable -> org.hibernate.type.BasicTypeReference@739831a4
2023-06-11T16:47:38.666+07:00 DEBUG 15044 --- [           main] org.hibernate.type.BasicTypeRegistry     : Adding type registration timezone -> org.hibernate.type.BasicTypeReference@7e3236d
2023-06-11T16:47:38.666+07:00 DEBUG 15044 --- [           main] org.hibernate.type.BasicTypeRegistry     : Adding type registration java.util.TimeZone -> org.hibernate.type.BasicTypeReference@7e3236d
2023-06-11T16:47:38.667+07:00 DEBUG 15044 --- [           main] org.hibernate.type.BasicTypeRegistry     : Adding type registration ZoneOffset -> org.hibernate.type.BasicTypeReference@38a4e2b0
2023-06-11T16:47:38.667+07:00 DEBUG 15044 --- [           main] org.hibernate.type.BasicTypeRegistry     : Adding type registration java.time.ZoneOffset -> org.hibernate.type.BasicTypeReference@38a4e2b0
2023-06-11T16:47:38.668+07:00 DEBUG 15044 --- [           main] org.hibernate.type.BasicTypeRegistry     : Adding type registration url -> org.hibernate.type.BasicTypeReference@14c99bf6
2023-06-11T16:47:38.668+07:00 DEBUG 15044 --- [           main] org.hibernate.type.BasicTypeRegistry     : Adding type registration java.net.URL -> org.hibernate.type.BasicTypeReference@14c99bf6
2023-06-11T16:47:38.669+07:00 DEBUG 15044 --- [           main] org.hibernate.type.BasicTypeRegistry     : Adding type registration row_version -> org.hibernate.type.BasicTypeReference@266e9dda
2023-06-11T16:47:38.683+07:00 DEBUG 15044 --- [           main] org.hibernate.type.BasicTypeRegistry     : Adding type registration object -> org.hibernate.type.JavaObjectType@486e9d1d
2023-06-11T16:47:38.683+07:00 DEBUG 15044 --- [           main] org.hibernate.type.BasicTypeRegistry     : Adding type registration java.lang.Object -> org.hibernate.type.JavaObjectType@486e9d1d
2023-06-11T16:47:38.687+07:00 DEBUG 15044 --- [           main] org.hibernate.type.BasicTypeRegistry     : Adding type registration null -> org.hibernate.type.NullType@4c319d52
2023-06-11T16:47:38.687+07:00 DEBUG 15044 --- [           main] org.hibernate.type.BasicTypeRegistry     : Adding type registration imm_date -> org.hibernate.type.BasicTypeReference@72fbf94d
2023-06-11T16:47:38.688+07:00 DEBUG 15044 --- [           main] org.hibernate.type.BasicTypeRegistry     : Adding type registration imm_time -> org.hibernate.type.BasicTypeReference@6839203b
2023-06-11T16:47:38.688+07:00 DEBUG 15044 --- [           main] org.hibernate.type.BasicTypeRegistry     : Adding type registration imm_timestamp -> org.hibernate.type.BasicTypeReference@2d28fb02
2023-06-11T16:47:38.688+07:00 DEBUG 15044 --- [           main] org.hibernate.type.BasicTypeRegistry     : Adding type registration imm_calendar -> org.hibernate.type.BasicTypeReference@6db328f8
2023-06-11T16:47:38.689+07:00 DEBUG 15044 --- [           main] org.hibernate.type.BasicTypeRegistry     : Adding type registration imm_calendar_date -> org.hibernate.type.BasicTypeReference@402f8592
2023-06-11T16:47:38.689+07:00 DEBUG 15044 --- [           main] org.hibernate.type.BasicTypeRegistry     : Adding type registration imm_calendar_time -> org.hibernate.type.BasicTypeReference@61b65d54
2023-06-11T16:47:38.689+07:00 DEBUG 15044 --- [           main] org.hibernate.type.BasicTypeRegistry     : Adding type registration imm_binary -> org.hibernate.type.BasicTypeReference@b2c4a8b
2023-06-11T16:47:38.690+07:00 DEBUG 15044 --- [           main] org.hibernate.type.BasicTypeRegistry     : Adding type registration imm_serializable -> org.hibernate.type.BasicTypeReference@7f2c57fe
2023-06-11T16:47:38.749+07:00  INFO 15044 --- [           main] o.h.b.i.BytecodeProviderInitiator        : HHH000021: Bytecode provider name : bytebuddy
2023-06-11T16:47:38.953+07:00  INFO 15044 --- [           main] o.s.o.j.p.SpringPersistenceUnitInfo      : No LoadTimeWeaver setup: ignoring JPA class transformer
2023-06-11T16:47:39.006+07:00  INFO 15044 --- [           main] com.zaxxer.hikari.HikariDataSource       : HikariPool-1 - Starting...
2023-06-11T16:47:41.365+07:00  INFO 15044 --- [           main] com.zaxxer.hikari.pool.HikariPool        : HikariPool-1 - Added connection com.mysql.cj.jdbc.ConnectionImpl@44d43cc9
2023-06-11T16:47:41.369+07:00  INFO 15044 --- [           main] com.zaxxer.hikari.HikariDataSource       : HikariPool-1 - Start completed.
2023-06-11T16:47:41.895+07:00  INFO 15044 --- [           main] org.hibernate.orm.dialect                : HHH035001: Using dialect: org.hibernate.dialect.MySQLDialect, version: 8.0
2023-06-11T16:47:41.928+07:00 DEBUG 15044 --- [           main] o.h.t.d.sql.spi.DdlTypeRegistry          : addDescriptor(12, org.hibernate.type.descriptor.sql.internal.CapacityDependentDdlType@7dd91ffc) replaced previous registration(org.hibernate.type.descriptor.sql.internal.CapacityDependentDdlType@1c2dd89b)
2023-06-11T16:47:41.929+07:00 DEBUG 15044 --- [           main] o.h.t.d.sql.spi.DdlTypeRegistry          : addDescriptor(-9, org.hibernate.type.descriptor.sql.internal.CapacityDependentDdlType@3ad847f8) replaced previous registration(org.hibernate.type.descriptor.sql.internal.CapacityDependentDdlType@19faedcc)
2023-06-11T16:47:41.929+07:00 DEBUG 15044 --- [           main] o.h.t.d.sql.spi.DdlTypeRegistry          : addDescriptor(-3, org.hibernate.type.descriptor.sql.internal.CapacityDependentDdlType@2c6927f0) replaced previous registration(org.hibernate.type.descriptor.sql.internal.CapacityDependentDdlType@5ef2cbe6)
2023-06-11T16:47:41.929+07:00 DEBUG 15044 --- [           main] o.h.t.d.sql.spi.DdlTypeRegistry          : addDescriptor(4003, org.hibernate.type.descriptor.sql.internal.DdlTypeImpl@266da047) replaced previous registration(org.hibernate.type.descriptor.sql.internal.DdlTypeImpl@68b7bdcb)
2023-06-11T16:47:41.929+07:00 DEBUG 15044 --- [           main] o.h.t.d.sql.spi.DdlTypeRegistry          : addDescriptor(4001, org.hibernate.type.descriptor.sql.internal.DdlTypeImpl@d84418a) replaced previous registration(org.hibernate.type.descriptor.sql.internal.DdlTypeImpl@45e11627)
2023-06-11T16:47:41.929+07:00 DEBUG 15044 --- [           main] o.h.t.d.sql.spi.DdlTypeRegistry          : addDescriptor(4002, org.hibernate.type.descriptor.sql.internal.DdlTypeImpl@ec5f944) replaced previous registration(org.hibernate.type.descriptor.sql.internal.DdlTypeImpl@5b4954b2)
2023-06-11T16:47:41.929+07:00 DEBUG 15044 --- [           main] o.h.t.d.sql.spi.DdlTypeRegistry          : addDescriptor(2004, org.hibernate.type.descriptor.sql.internal.CapacityDependentDdlType@74eec640) replaced previous registration(org.hibernate.type.descriptor.sql.internal.DdlTypeImpl@3973b6d4)
2023-06-11T16:47:41.929+07:00 DEBUG 15044 --- [           main] o.h.t.d.sql.spi.DdlTypeRegistry          : addDescriptor(2005, org.hibernate.type.descriptor.sql.internal.CapacityDependentDdlType@18dd7767) replaced previous registration(org.hibernate.type.descriptor.sql.internal.DdlTypeImpl@9205c0a)
2023-06-11T16:47:41.929+07:00 DEBUG 15044 --- [           main] o.h.t.d.sql.spi.DdlTypeRegistry          : addDescriptor(2011, org.hibernate.type.descriptor.sql.internal.CapacityDependentDdlType@bfe47a8) replaced previous registration(org.hibernate.type.descriptor.sql.internal.DdlTypeImpl@2f1f9515)
2023-06-11T16:47:41.931+07:00 DEBUG 15044 --- [           main] o.h.t.d.jdbc.spi.JdbcTypeRegistry        : addDescriptor(NCharTypeDescriptor) replaced previous registration(CharTypeDescriptor)
2023-06-11T16:47:41.931+07:00 DEBUG 15044 --- [           main] o.h.t.d.jdbc.spi.JdbcTypeRegistry        : addDescriptor(NVarcharTypeDescriptor) replaced previous registration(VarcharTypeDescriptor)
2023-06-11T16:47:41.932+07:00 DEBUG 15044 --- [           main] o.h.t.d.jdbc.spi.JdbcTypeRegistry        : addDescriptor(LongNVarcharTypeDescriptor) replaced previous registration(LongVarcharTypeDescriptor)
2023-06-11T16:47:41.934+07:00 DEBUG 15044 --- [           main] o.h.t.d.jdbc.spi.JdbcTypeRegistry        : addDescriptor(NClobTypeDescriptor(DEFAULT)) replaced previous registration(ClobTypeDescriptor(DEFAULT))
2023-06-11T16:47:41.934+07:00 DEBUG 15044 --- [           main] o.h.t.d.jdbc.spi.JdbcTypeRegistry        : addDescriptor(2005, ClobTypeDescriptor(STREAM_BINDING)) replaced previous registration(ClobTypeDescriptor(DEFAULT))
2023-06-11T16:47:41.938+07:00 DEBUG 15044 --- [           main] org.hibernate.type.BasicTypeRegistry     : Adding type registration null -> org.hibernate.type.NullType@6d420cdd
2023-06-11T16:47:41.938+07:00 DEBUG 15044 --- [           main] org.hibernate.type.BasicTypeRegistry     : Type registration key [null] overrode previous entry : `org.hibernate.type.NullType@4c319d52`
2023-06-11T16:47:41.949+07:00 DEBUG 15044 --- [           main] org.hibernate.type.BasicTypeRegistry     : Adding type registration org.hibernate.type.OffsetDateTimeType -> basicType@1(java.time.OffsetDateTime,3003)
2023-06-11T16:47:41.950+07:00 DEBUG 15044 --- [           main] org.hibernate.type.BasicTypeRegistry     : Adding type registration OffsetDateTime -> basicType@1(java.time.OffsetDateTime,3003)
2023-06-11T16:47:41.950+07:00 DEBUG 15044 --- [           main] org.hibernate.type.BasicTypeRegistry     : Adding type registration java.time.OffsetDateTime -> basicType@1(java.time.OffsetDateTime,3003)
2023-06-11T16:47:41.950+07:00 DEBUG 15044 --- [           main] org.hibernate.type.BasicTypeRegistry     : Adding type registration org.hibernate.type.ZonedDateTimeType -> basicType@2(java.time.ZonedDateTime,3003)
2023-06-11T16:47:41.950+07:00 DEBUG 15044 --- [           main] org.hibernate.type.BasicTypeRegistry     : Adding type registration ZonedDateTime -> basicType@2(java.time.ZonedDateTime,3003)
2023-06-11T16:47:41.950+07:00 DEBUG 15044 --- [           main] org.hibernate.type.BasicTypeRegistry     : Adding type registration java.time.ZonedDateTime -> basicType@2(java.time.ZonedDateTime,3003)
2023-06-11T16:47:41.951+07:00 DEBUG 15044 --- [           main] org.hibernate.type.BasicTypeRegistry     : Adding type registration org.hibernate.type.OffsetTimeType -> basicType@3(java.time.OffsetTime,3007)
2023-06-11T16:47:41.951+07:00 DEBUG 15044 --- [           main] org.hibernate.type.BasicTypeRegistry     : Adding type registration OffsetTime -> basicType@3(java.time.OffsetTime,3007)
2023-06-11T16:47:41.951+07:00 DEBUG 15044 --- [           main] org.hibernate.type.BasicTypeRegistry     : Adding type registration java.time.OffsetTime -> basicType@3(java.time.OffsetTime,3007)
2023-06-11T16:47:41.954+07:00 DEBUG 15044 --- [           main] o.h.type.spi.TypeConfiguration$Scope     : Scoping TypeConfiguration [org.hibernate.type.spi.TypeConfiguration@606d6d2c] to MetadataBuildingContext [org.hibernate.boot.internal.MetadataBuildingContextRootImpl@2e3cd732]
2023-06-11T16:47:42.307+07:00  INFO 15044 --- [           main] o.h.b.i.BytecodeProviderInitiator        : HHH000021: Bytecode provider name : bytebuddy
2023-06-11T16:47:43.215+07:00  INFO 15044 --- [           main] o.h.e.t.j.p.i.JtaPlatformInitiator       : HHH000490: Using JtaPlatform implementation: [org.hibernate.engine.transaction.jta.platform.internal.NoJtaPlatform]
2023-06-11T16:47:43.216+07:00 DEBUG 15044 --- [           main] o.h.type.spi.TypeConfiguration$Scope     : Scoping TypeConfiguration [org.hibernate.type.spi.TypeConfiguration@606d6d2c] to SessionFactoryImplementor [org.hibernate.internal.SessionFactoryImpl@6a013bdd]
2023-06-11T16:47:46.711+07:00 TRACE 15044 --- [           main] o.h.type.spi.TypeConfiguration$Scope     : Handling #sessionFactoryCreated from [org.hibernate.internal.SessionFactoryImpl@6a013bdd] for TypeConfiguration
2023-06-11T16:47:46.712+07:00  INFO 15044 --- [           main] j.LocalContainerEntityManagerFactoryBean : Initialized JPA EntityManagerFactory for persistence unit 'default'
2023-06-11T16:47:47.368+07:00  INFO 15044 --- [           main] o.s.d.j.r.query.QueryEnhancerFactory     : Hibernate is in classpath; If applicable, HQL parser will be used.
2023-06-11T16:47:51.212+07:00  INFO 15044 --- [           main] c.e.a.AppointmentApplicationTests        : Started AppointmentApplicationTests in 14.826 seconds (process running for 16.328)
]]></system-out>
  </testcase>
</testsuite>